


          SolidWorks Corporation - STEP Processor Error Log
          ______________________________________________________

                       STEP Post Processor
                       ___________________


STEP File Name: D:\Arduino\BIM32\case\3d-models\esp32-wroom-32s-nodemcu-32s-1.snapshot.8\ESP32Wroom4.STEP


Die Oberflächen wurden erfolgreich zu einem Volumenkörper verarbeitet.
STEPImport ausgeführt.Die Oberflächen wurden erfolgreich zu einem Volumenkörper verarbeitet.
STEPImport ausgeführt.Die Oberflächen wurden erfolgreich zu einem Volumenkörper verarbeitet.
STEPImport ausgeführt.Die Oberflächen wurden erfolgreich zu einem Volumenkörper verarbeitet.
STEPImport ausgeführt.Die Oberflächen wurden erfolgreich zu einem Volumenkörper verarbeitet.
STEPImport ausgeführt.Die Oberflächen wurden erfolgreich zu einem Volumenkörper verarbeitet.
STEPImport ausgeführt.Die Oberflächen wurden erfolgreich zu einem Volumenkörper verarbeitet.
STEPImport ausgeführt.Die Oberflächen wurden erfolgreich zu einem Volumenkörper verarbeitet.
STEPImport ausgeführt.Die Oberflächen wurden erfolgreich zu einem Volumenkörper verarbeitet.
STEPImport ausgeführt.Die Oberflächen wurden erfolgreich zu einem Volumenkörper verarbeitet.
STEPImport ausgeführt.Die Oberflächen wurden erfolgreich zu einem Volumenkörper verarbeitet.
STEPImport ausgeführt.Die Oberflächen wurden erfolgreich zu einem Volumenkörper verarbeitet.
STEPImport ausgeführt.Die Oberflächen wurden erfolgreich zu einem Volumenkörper verarbeitet.
STEPImport ausgeführt.Die Oberflächen wurden erfolgreich zu einem Volumenkörper verarbeitet.
STEPImport ausgeführt.Die Oberflächen wurden erfolgreich zu einem Volumenkörper verarbeitet.
STEPImport ausgeführt.Die Oberflächen wurden erfolgreich zu einem Volumenkörper verarbeitet.
STEPImport ausgeführt.Die Oberflächen wurden erfolgreich zu einem Volumenkörper verarbeitet.
STEPImport ausgeführt.Die Oberflächen wurden erfolgreich zu einem Volumenkörper verarbeitet.
STEPImport ausgeführt.Die Oberflächen wurden erfolgreich zu einem Volumenkörper verarbeitet.
STEPImport ausgeführt.Die Oberflächen wurden erfolgreich zu einem Volumenkörper verarbeitet.
STEPImport ausgeführt.Die Oberflächen wurden erfolgreich zu einem Volumenkörper verarbeitet.
STEPImport ausgeführt.Die Oberflächen wurden erfolgreich zu einem Volumenkörper verarbeitet.
STEPImport ausgeführt.Die Oberflächen wurden erfolgreich zu einem Volumenkörper verarbeitet.
STEPImport ausgeführt.Die Oberflächen wurden erfolgreich zu einem Volumenkörper verarbeitet.
STEPImport ausgeführt.Die Oberflächen wurden erfolgreich zu einem Volumenkörper verarbeitet.
STEPImport ausgeführt.Die Oberflächen wurden erfolgreich zu einem Volumenkörper verarbeitet.
STEPImport ausgeführt.Die Oberflächen wurden erfolgreich zu einem Volumenkörper verarbeitet.
STEPImport ausgeführt.Die Oberflächen wurden erfolgreich zu einem Volumenkörper verarbeitet.
STEPImport ausgeführt.Die Oberflächen wurden erfolgreich zu einem Volumenkörper verarbeitet.
STEPImport ausgeführt.Die Oberflächen wurden erfolgreich zu einem Volumenkörper verarbeitet.
STEPImport ausgeführt.Die Oberflächen wurden erfolgreich zu einem Volumenkörper verarbeitet.
STEPImport ausgeführt.Die Oberflächen wurden erfolgreich zu einem Volumenkörper verarbeitet.
STEPImport ausgeführt.Die Oberflächen wurden erfolgreich zu einem Volumenkörper verarbeitet.
STEPImport ausgeführt.Die Oberflächen wurden erfolgreich zu einem Volumenkörper verarbeitet.
STEPImport ausgeführt.Die Oberflächen wurden erfolgreich zu einem Volumenkörper verarbeitet.
STEPImport ausgeführt.Die Oberflächen wurden erfolgreich zu einem Volumenkörper verarbeitet.
STEPImport ausgeführt.Die Oberflächen wurden erfolgreich zu einem Volumenkörper verarbeitet.
STEPImport ausgeführt.Die Oberflächen wurden erfolgreich zu einem Volumenkörper verarbeitet.
STEPImport ausgeführt.Die Oberflächen wurden erfolgreich zu einem Volumenkörper verarbeitet.
STEPImport ausgeführt.Die Oberflächen wurden erfolgreich zu einem Volumenkörper verarbeitet.
STEPImport ausgeführt.Die Oberflächen wurden erfolgreich zu einem Volumenkörper verarbeitet.
STEPImport ausgeführt.Die Oberflächen wurden erfolgreich zu einem Volumenkörper verarbeitet.
STEPImport ausgeführt.Die Oberflächen wurden erfolgreich zu einem Volumenkörper verarbeitet.
STEPImport ausgeführt.Die Oberflächen wurden erfolgreich zu einem Volumenkörper verarbeitet.
STEPImport ausgeführt.Die Oberflächen wurden erfolgreich zu einem Volumenkörper verarbeitet.
STEPImport ausgeführt.Die Oberflächen wurden erfolgreich zu einem Volumenkörper verarbeitet.
STEPImport ausgeführt.Die Oberflächen wurden erfolgreich zu einem Volumenkörper verarbeitet.
STEPImport ausgeführt.Die Oberflächen wurden erfolgreich zu einem Volumenkörper verarbeitet.
STEPImport ausgeführt.Die Oberflächen wurden erfolgreich zu einem Volumenkörper verarbeitet.
STEPImport ausgeführt.Die Oberflächen wurden erfolgreich zu einem Volumenkörper verarbeitet.
STEPImport ausgeführt.
Error: Volumenkörper konnte nicht von getrimmten Oberflächen erstellt werden.
STEPImport nicht erfolgreich ausgeführt.
WARNUNG: Surface problem...Konstruktor für getrimmte Oberfläche konnte nicht zu Lösung konvergieren.
Die Oberflächen wurden erfolgreich zu einem Volumenkörper verarbeitet.
STEPImport ausgeführt.Die Oberflächen wurden erfolgreich zu einem Volumenkörper verarbeitet.
STEPImport ausgeführt.Die Oberflächen wurden erfolgreich zu einem Volumenkörper verarbeitet.
STEPImport ausgeführt.Die Oberflächen wurden erfolgreich zu einem Volumenkörper verarbeitet.
STEPImport ausgeführt.Die Oberflächen wurden erfolgreich zu einem Volumenkörper verarbeitet.
STEPImport ausgeführt.Die Oberflächen wurden erfolgreich zu einem Volumenkörper verarbeitet.
STEPImport ausgeführt.Die Oberflächen wurden erfolgreich zu einem Volumenkörper verarbeitet.
STEPImport ausgeführt.Die Oberflächen wurden erfolgreich zu einem Volumenkörper verarbeitet.
STEPImport ausgeführt.Die Oberflächen wurden erfolgreich zu einem Volumenkörper verarbeitet.
STEPImport ausgeführt.Die Oberflächen wurden erfolgreich zu einem Volumenkörper verarbeitet.
STEPImport ausgeführt.Die Oberflächen wurden erfolgreich zu einem Volumenkörper verarbeitet.
STEPImport ausgeführt.Die Oberflächen wurden erfolgreich zu einem Volumenkörper verarbeitet.
STEPImport ausgeführt.Die Oberflächen wurden erfolgreich zu einem Volumenkörper verarbeitet.
STEPImport ausgeführt.Die Oberflächen wurden erfolgreich zu einem Volumenkörper verarbeitet.
STEPImport ausgeführt.Die Oberflächen wurden erfolgreich zu einem Volumenkörper verarbeitet.
STEPImport ausgeführt.Die Oberflächen wurden erfolgreich zu einem Volumenkörper verarbeitet.
STEPImport ausgeführt.Die Oberflächen wurden erfolgreich zu einem Volumenkörper verarbeitet.
STEPImport ausgeführt.Die Oberflächen wurden erfolgreich zu einem Volumenkörper verarbeitet.
STEPImport ausgeführt.Die Oberflächen wurden erfolgreich zu einem Volumenkörper verarbeitet.
STEPImport ausgeführt.Die Oberflächen wurden erfolgreich zu einem Volumenkörper verarbeitet.
STEPImport ausgeführt.Die Oberflächen wurden erfolgreich zu einem Volumenkörper verarbeitet.
STEPImport ausgeführt.Die Oberflächen wurden erfolgreich zu einem Volumenkörper verarbeitet.
STEPImport ausgeführt.Die Oberflächen wurden erfolgreich zu einem Volumenkörper verarbeitet.
STEPImport ausgeführt.Die Oberflächen wurden erfolgreich zu einem Volumenkörper verarbeitet.
STEPImport ausgeführt.Die Oberflächen wurden erfolgreich zu einem Volumenkörper verarbeitet.
STEPImport ausgeführt.Die Oberflächen wurden erfolgreich zu einem Volumenkörper verarbeitet.
STEPImport ausgeführt.Die Oberflächen wurden erfolgreich zu einem Volumenkörper verarbeitet.
STEPImport ausgeführt.Die Oberflächen wurden erfolgreich zu einem Volumenkörper verarbeitet.
STEPImport ausgeführt.Die Oberflächen wurden erfolgreich zu einem Volumenkörper verarbeitet.
STEPImport ausgeführt.Die Oberflächen wurden erfolgreich zu einem Volumenkörper verarbeitet.
STEPImport ausgeführt.Die Oberflächen wurden erfolgreich zu einem Volumenkörper verarbeitet.
STEPImport ausgeführt.Die Oberflächen wurden erfolgreich zu einem Volumenkörper verarbeitet.
STEPImport ausgeführt.Die Oberflächen wurden erfolgreich zu einem Volumenkörper verarbeitet.
STEPImport ausgeführt.Die Oberflächen wurden erfolgreich zu einem Volumenkörper verarbeitet.
STEPImport ausgeführt.Die Oberflächen wurden erfolgreich zu einem Volumenkörper verarbeitet.
STEPImport ausgeführt.Die Oberflächen wurden erfolgreich zu einem Volumenkörper verarbeitet.
STEPImport ausgeführt.Die Oberflächen wurden erfolgreich zu einem Volumenkörper verarbeitet.
STEPImport ausgeführt.Die Oberflächen wurden erfolgreich zu einem Volumenkörper verarbeitet.
STEPImport ausgeführt.Die Oberflächen wurden erfolgreich zu einem Volumenkörper verarbeitet.
STEPImport ausgeführt.Die Oberflächen wurden erfolgreich zu einem Volumenkörper verarbeitet.
STEPImport ausgeführt.Die Oberflächen wurden erfolgreich zu einem Volumenkörper verarbeitet.
STEPImport ausgeführt.Die Oberflächen wurden erfolgreich zu einem Volumenkörper verarbeitet.
STEPImport ausgeführt.Die Oberflächen wurden erfolgreich zu einem Volumenkörper verarbeitet.
STEPImport ausgeführt.Die Oberflächen wurden erfolgreich zu einem Volumenkörper verarbeitet.
STEPImport ausgeführt.Die Oberflächen wurden erfolgreich zu einem Volumenkörper verarbeitet.
STEPImport ausgeführt.Die Oberflächen wurden erfolgreich zu einem Volumenkörper verarbeitet.
STEPImport ausgeführt.Die Oberflächen wurden erfolgreich zu einem Volumenkörper verarbeitet.
STEPImport ausgeführt.Die Oberflächen wurden erfolgreich zu einem Volumenkörper verarbeitet.
STEPImport ausgeführt.Die Oberflächen wurden erfolgreich zu einem Volumenkörper verarbeitet.
STEPImport ausgeführt.Die Oberflächen wurden erfolgreich zu einem Volumenkörper verarbeitet.
STEPImport ausgeführt.Die Oberflächen wurden erfolgreich zu einem Volumenkörper verarbeitet.
STEPImport ausgeführt.Die Oberflächen wurden erfolgreich zu einem Volumenkörper verarbeitet.
STEPImport ausgeführt.Die Oberflächen wurden erfolgreich zu einem Volumenkörper verarbeitet.
STEPImport ausgeführt.Die Oberflächen wurden erfolgreich zu einem Volumenkörper verarbeitet.
STEPImport ausgeführt.Die Oberflächen wurden erfolgreich zu einem Volumenkörper verarbeitet.
STEPImport ausgeführt.Die Oberflächen wurden erfolgreich zu einem Volumenkörper verarbeitet.
STEPImport ausgeführt.Die Oberflächen wurden erfolgreich zu einem Volumenkörper verarbeitet.
STEPImport ausgeführt.