


          SolidWorks Corporation - STEP Processor Error Log
          ______________________________________________________

                       STEP Post Processor
                       ___________________


STEP File Name: D:\Arduino\BIM32\case\bim32.step


Die Oberflächen wurden erfolgreich zu einem Volumenkörper verarbeitet.
STEPImport ausgeführt.Die Oberflächen wurden erfolgreich zu einem Volumenkörper verarbeitet.
STEPImport ausgeführt.Die Oberflächen wurden erfolgreich zu einem Volumenkörper verarbeitet.
STEPImport ausgeführt.Die Oberflächen wurden erfolgreich zu einem Volumenkörper verarbeitet.
STEPImport ausgeführt.Die Oberflächen wurden erfolgreich zu einem Volumenkörper verarbeitet.
STEPImport ausgeführt.Die Oberflächen wurden erfolgreich zu einem Volumenkörper verarbeitet.
STEPImport ausgeführt.Die Oberflächen wurden erfolgreich zu einem Volumenkörper verarbeitet.
STEPImport ausgeführt.Die Oberflächen wurden erfolgreich zu einem Volumenkörper verarbeitet.
STEPImport ausgeführt.Die Oberflächen wurden erfolgreich zu einem Volumenkörper verarbeitet.
STEPImport ausgeführt.Die Oberflächen wurden erfolgreich zu einem Volumenkörper verarbeitet.
STEPImport ausgeführt.Die Oberflächen wurden erfolgreich zu einem Volumenkörper verarbeitet.
STEPImport ausgeführt.Die Oberflächen wurden erfolgreich zu einem Volumenkörper verarbeitet.
STEPImport ausgeführt.Die Oberflächen wurden erfolgreich zu einem Volumenkörper verarbeitet.
STEPImport ausgeführt.Die Oberflächen wurden erfolgreich zu einem Volumenkörper verarbeitet.
STEPImport ausgeführt.Die Oberflächen wurden erfolgreich zu einem Volumenkörper verarbeitet.
STEPImport ausgeführt.Die Oberflächen wurden erfolgreich zu einem Volumenkörper verarbeitet.
STEPImport ausgeführt.Die Oberflächen wurden erfolgreich zu einem Volumenkörper verarbeitet.
STEPImport ausgeführt.Die Oberflächen wurden erfolgreich zu einem Volumenkörper verarbeitet.
STEPImport ausgeführt.Die Oberflächen wurden erfolgreich zu einem Volumenkörper verarbeitet.
STEPImport ausgeführt.Die Oberflächen wurden erfolgreich zu einem Volumenkörper verarbeitet.
STEPImport ausgeführt.Die Oberflächen wurden erfolgreich zu einem Volumenkörper verarbeitet.
STEPImport ausgeführt.Die Oberflächen wurden erfolgreich zu einem Volumenkörper verarbeitet.
STEPImport ausgeführt.Die Oberflächen wurden erfolgreich zu einem Volumenkörper verarbeitet.
STEPImport ausgeführt.Die Oberflächen wurden erfolgreich zu einem Volumenkörper verarbeitet.
STEPImport ausgeführt.Die Oberflächen wurden erfolgreich zu einem Volumenkörper verarbeitet.
STEPImport ausgeführt.Die Oberflächen wurden erfolgreich zu einem Volumenkörper verarbeitet.
STEPImport ausgeführt.Die Oberflächen wurden erfolgreich zu einem Volumenkörper verarbeitet.
STEPImport ausgeführt.Die Oberflächen wurden erfolgreich zu einem Volumenkörper verarbeitet.
STEPImport ausgeführt.Die Oberflächen wurden erfolgreich zu einem Volumenkörper verarbeitet.
STEPImport ausgeführt.Die Oberflächen wurden erfolgreich zu einem Volumenkörper verarbeitet.
STEPImport ausgeführt.Die Oberflächen wurden erfolgreich zu einem Volumenkörper verarbeitet.
STEPImport ausgeführt.Die Oberflächen wurden erfolgreich zu einem Volumenkörper verarbeitet.
STEPImport ausgeführt.Die Oberflächen wurden erfolgreich zu einem Volumenkörper verarbeitet.
STEPImport ausgeführt.Die Oberflächen wurden erfolgreich zu einem Volumenkörper verarbeitet.
STEPImport ausgeführt.Die Oberflächen wurden erfolgreich zu einem Volumenkörper verarbeitet.
STEPImport ausgeführt.Die Oberflächen wurden erfolgreich zu einem Volumenkörper verarbeitet.
STEPImport ausgeführt.Die Oberflächen wurden erfolgreich zu einem Volumenkörper verarbeitet.
STEPImport ausgeführt.Die Oberflächen wurden erfolgreich zu einem Volumenkörper verarbeitet.
STEPImport ausgeführt.Die Oberflächen wurden erfolgreich zu einem Volumenkörper verarbeitet.
STEPImport ausgeführt.Die Oberflächen wurden erfolgreich zu einem Volumenkörper verarbeitet.
STEPImport ausgeführt.Die Oberflächen wurden erfolgreich zu einem Volumenkörper verarbeitet.
STEPImport ausgeführt.Die Oberflächen wurden erfolgreich zu einem Volumenkörper verarbeitet.
STEPImport ausgeführt.Die Oberflächen wurden erfolgreich zu einem Volumenkörper verarbeitet.
STEPImport ausgeführt.Die Oberflächen wurden erfolgreich zu einem Volumenkörper verarbeitet.
STEPImport ausgeführt.Die Oberflächen wurden erfolgreich zu einem Volumenkörper verarbeitet.
STEPImport ausgeführt.Die Oberflächen wurden erfolgreich zu einem Volumenkörper verarbeitet.
STEPImport ausgeführt.Die Oberflächen wurden erfolgreich zu einem Volumenkörper verarbeitet.
STEPImport ausgeführt.Die Oberflächen wurden erfolgreich zu einem Volumenkörper verarbeitet.
STEPImport ausgeführt.Die Oberflächen wurden erfolgreich zu einem Volumenkörper verarbeitet.
STEPImport ausgeführt.Die Oberflächen wurden erfolgreich zu einem Volumenkörper verarbeitet.
STEPImport ausgeführt.Die Oberflächen wurden erfolgreich zu einem Volumenkörper verarbeitet.
STEPImport ausgeführt.Die Oberflächen wurden erfolgreich zu einem Volumenkörper verarbeitet.
STEPImport ausgeführt.Die Oberflächen wurden erfolgreich zu einem Volumenkörper verarbeitet.
STEPImport ausgeführt.Die Oberflächen wurden erfolgreich zu einem Volumenkörper verarbeitet.
STEPImport ausgeführt.Die Oberflächen wurden erfolgreich zu einem Volumenkörper verarbeitet.
STEPImport ausgeführt.Die Oberflächen wurden erfolgreich zu einem Volumenkörper verarbeitet.
STEPImport ausgeführt.Die Oberflächen wurden erfolgreich zu einem Volumenkörper verarbeitet.
STEPImport ausgeführt.Die Oberflächen wurden erfolgreich zu einem Volumenkörper verarbeitet.
STEPImport ausgeführt.Die Oberflächen wurden erfolgreich zu einem Volumenkörper verarbeitet.
STEPImport ausgeführt.
Error: Volumenkörper konnte nicht von getrimmten Oberflächen erstellt werden.
STEPImport nicht erfolgreich ausgeführt.
Die Oberflächen wurden erfolgreich zu einem Volumenkörper verarbeitet.
STEPImport ausgeführt.Die Oberflächen wurden erfolgreich zu einem Volumenkörper verarbeitet.
STEPImport ausgeführt.Die Oberflächen wurden erfolgreich zu einem Volumenkörper verarbeitet.
STEPImport ausgeführt.Die Oberflächen wurden erfolgreich zu einem Volumenkörper verarbeitet.
STEPImport ausgeführt.Die Oberflächen wurden erfolgreich zu einem Volumenkörper verarbeitet.
STEPImport ausgeführt.Die Oberflächen wurden erfolgreich zu einem Volumenkörper verarbeitet.
STEPImport ausgeführt.Die Oberflächen wurden erfolgreich zu einem Volumenkörper verarbeitet.
STEPImport ausgeführt.Die Oberflächen wurden erfolgreich zu einem Volumenkörper verarbeitet.
STEPImport ausgeführt.Die Oberflächen wurden erfolgreich zu einem Volumenkörper verarbeitet.
STEPImport ausgeführt.Die Oberflächen wurden erfolgreich zu einem Volumenkörper verarbeitet.
STEPImport ausgeführt.Die Oberflächen wurden erfolgreich zu einem Volumenkörper verarbeitet.
STEPImport ausgeführt.Die Oberflächen wurden erfolgreich zu einem Volumenkörper verarbeitet.
STEPImport ausgeführt.Die Oberflächen wurden erfolgreich zu einem Volumenkörper verarbeitet.
STEPImport ausgeführt.Die Oberflächen wurden erfolgreich zu einem Volumenkörper verarbeitet.
STEPImport ausgeführt.Die Oberflächen wurden erfolgreich zu einem Volumenkörper verarbeitet.
STEPImport ausgeführt.Die Oberflächen wurden erfolgreich zu einem Volumenkörper verarbeitet.
STEPImport ausgeführt.Die Oberflächen wurden erfolgreich zu einem Volumenkörper verarbeitet.
STEPImport ausgeführt.Die Oberflächen wurden erfolgreich zu einem Volumenkörper verarbeitet.
STEPImport ausgeführt.Die Oberflächen wurden erfolgreich zu einem Volumenkörper verarbeitet.
STEPImport ausgeführt.Die Oberflächen wurden erfolgreich zu einem Volumenkörper verarbeitet.
STEPImport ausgeführt.Die Oberflächen wurden erfolgreich zu einem Volumenkörper verarbeitet.
STEPImport ausgeführt.Die Oberflächen wurden erfolgreich zu einem Volumenkörper verarbeitet.
STEPImport ausgeführt.Die Oberflächen wurden erfolgreich zu einem Volumenkörper verarbeitet.
STEPImport ausgeführt.Die Oberflächen wurden erfolgreich zu einem Volumenkörper verarbeitet.
STEPImport ausgeführt.Die Oberflächen wurden erfolgreich zu einem Volumenkörper verarbeitet.
STEPImport ausgeführt.Die Oberflächen wurden erfolgreich zu einem Volumenkörper verarbeitet.
STEPImport ausgeführt.Die Oberflächen wurden erfolgreich zu einem Volumenkörper verarbeitet.
STEPImport ausgeführt.Die Oberflächen wurden erfolgreich zu einem Volumenkörper verarbeitet.
STEPImport ausgeführt.Die Oberflächen wurden erfolgreich zu einem Volumenkörper verarbeitet.
STEPImport ausgeführt.Die Oberflächen wurden erfolgreich zu einem Volumenkörper verarbeitet.
STEPImport ausgeführt.
Error: Volumenkörper konnte nicht von getrimmten Oberflächen erstellt werden.
STEPImport nicht erfolgreich ausgeführt.
Die Oberflächen wurden erfolgreich zu einem Volumenkörper verarbeitet.
STEPImport ausgeführt.Die Oberflächen wurden erfolgreich zu einem Volumenkörper verarbeitet.
STEPImport ausgeführt.Die Oberflächen wurden erfolgreich zu einem Volumenkörper verarbeitet.
STEPImport ausgeführt.Die Oberflächen wurden erfolgreich zu einem Volumenkörper verarbeitet.
STEPImport ausgeführt.Die Oberflächen wurden erfolgreich zu einem Volumenkörper verarbeitet.
STEPImport ausgeführt.Die Oberflächen wurden erfolgreich zu einem Volumenkörper verarbeitet.
STEPImport ausgeführt.
Error: Volumenkörper konnte nicht von getrimmten Oberflächen erstellt werden.
STEPImport nicht erfolgreich ausgeführt.
#269377: Ring edge, vertex snapped onto curve
#269377: Ring edge, vertex snapped onto curve
XLTR: Circuit sanity failure
XLTR: Circuit sanity failure
Die Oberflächen wurden erfolgreich zu einem Volumenkörper verarbeitet.
STEPImport ausgeführt.
Error: Volumenkörper konnte nicht von getrimmten Oberflächen erstellt werden.
STEPImport nicht erfolgreich ausgeführt.
#269475: Ring edge, vertex snapped onto curve
Die Oberflächen wurden erfolgreich zu einem Volumenkörper verarbeitet.
STEPImport ausgeführt.
Error: Volumenkörper konnte nicht von getrimmten Oberflächen erstellt werden.
STEPImport nicht erfolgreich ausgeführt.
#268744: Ring edge, vertex snapped onto curve
Die Oberflächen wurden erfolgreich zu einem Volumenkörper verarbeitet.
STEPImport ausgeführt.
Error: Volumenkörper konnte nicht von getrimmten Oberflächen erstellt werden.
STEPImport nicht erfolgreich ausgeführt.
Die Oberflächen wurden erfolgreich zu einem Volumenkörper verarbeitet.
STEPImport ausgeführt.Die Oberflächen wurden erfolgreich zu einem Volumenkörper verarbeitet.
STEPImport ausgeführt.
Error: Volumenkörper konnte nicht von getrimmten Oberflächen erstellt werden.
STEPImport nicht erfolgreich ausgeführt.
Die Oberflächen wurden erfolgreich zu einem Volumenkörper verarbeitet.
STEPImport ausgeführt.Die Oberflächen wurden erfolgreich zu einem Volumenkörper verarbeitet.
STEPImport ausgeführt.Die Oberflächen wurden erfolgreich zu einem Volumenkörper verarbeitet.
STEPImport ausgeführt.Die Oberflächen wurden erfolgreich zu einem Volumenkörper verarbeitet.
STEPImport ausgeführt.
Error: Volumenkörper konnte nicht von getrimmten Oberflächen erstellt werden.
STEPImport nicht erfolgreich ausgeführt.
Die Oberflächen wurden erfolgreich zu einem Volumenkörper verarbeitet.
STEPImport ausgeführt.Die Oberflächen wurden erfolgreich zu einem Volumenkörper verarbeitet.
STEPImport ausgeführt.
Error: Volumenkörper konnte nicht von getrimmten Oberflächen erstellt werden.
STEPImport nicht erfolgreich ausgeführt.
#268664: Ring edge, vertex snapped onto curve
Reversing curve, low: -0.00133529, high: -0.00133529
Bad Curve, low: 0.00133529, high: 0.00133529
Reversing curve, low: -0.00133529, high: -0.00133529
Bad Curve, low: 0.00133529, high: 0.00133529
#268664: Ring edge, vertex snapped onto curve
XLTR: Circuit sanity failure
XLTR: Circuit sanity failure
WARNUNG: Surface problem...Kurvenzüge haben inkonsistente Richtungen.
Die Oberflächen wurden erfolgreich zu einem Volumenkörper verarbeitet.
STEPImport ausgeführt.
Error: Volumenkörper konnte nicht von getrimmten Oberflächen erstellt werden.
STEPImport nicht erfolgreich ausgeführt.
Die Oberflächen wurden erfolgreich zu einem Volumenkörper verarbeitet.
STEPImport ausgeführt.
Error: Volumenkörper konnte nicht von getrimmten Oberflächen erstellt werden.
STEPImport nicht erfolgreich ausgeführt.
Die Oberflächen wurden erfolgreich zu einem Volumenkörper verarbeitet.
STEPImport ausgeführt.Die Oberflächen wurden erfolgreich zu einem Volumenkörper verarbeitet.
STEPImport ausgeführt.Die Oberflächen wurden erfolgreich zu einem Volumenkörper verarbeitet.
STEPImport ausgeführt.
Error: Volumenkörper konnte nicht von getrimmten Oberflächen erstellt werden.
STEPImport nicht erfolgreich ausgeführt.
#270249: Ring edge, vertex snapped onto curve
Die Oberflächen wurden erfolgreich zu einem Volumenkörper verarbeitet.
STEPImport ausgeführt.
Error: Volumenkörper konnte nicht von getrimmten Oberflächen erstellt werden.
STEPImport nicht erfolgreich ausgeführt.
Die Oberflächen wurden erfolgreich zu einem Volumenkörper verarbeitet.
STEPImport ausgeführt.Die Oberflächen wurden erfolgreich zu einem Volumenkörper verarbeitet.
STEPImport ausgeführt.
Error: Volumenkörper konnte nicht von getrimmten Oberflächen erstellt werden.
STEPImport nicht erfolgreich ausgeführt.
Die Oberflächen wurden erfolgreich zu einem Volumenkörper verarbeitet.
STEPImport ausgeführt.
Error: Volumenkörper konnte nicht von getrimmten Oberflächen erstellt werden.
STEPImport nicht erfolgreich ausgeführt.
Die Oberflächen wurden erfolgreich zu einem Volumenkörper verarbeitet.
STEPImport ausgeführt.Die Oberflächen wurden erfolgreich zu einem Volumenkörper verarbeitet.
STEPImport ausgeführt.Reversing curve, low: -0.00422078, high: -0.00422078
Bad Curve, low: 0.00422078, high: 0.00422078
#270189: Ring edge, vertex snapped onto curve
Reversing curve, low: -0.00422078, high: -0.00422078
Bad Curve, low: 0.00422078, high: 0.00422078
#270189: Ring edge, vertex snapped onto curve
Die Oberflächen wurden erfolgreich zu einem Volumenkörper verarbeitet.
STEPImport ausgeführt.
Error: Volumenkörper konnte nicht von getrimmten Oberflächen erstellt werden.
STEPImport nicht erfolgreich ausgeführt.
